<?xml version="1.0" encoding="UTF-8"?>
<!-- Generated by org.testng.reporters.JUnitReportReporter -->
<testsuite hostname="Chinkku" failures="0" tests="1" name="com.rest.RequestParams" time="2.902" errors="0" timestamp="2024-02-11T21:33:35 IST" skipped="0">
  <testcase classname="com.rest.RequestParams" name="multiple_query_parameter" time="2.902"/>
</testsuite> <!-- com.rest.RequestParams -->
