<?xml version="1.0" encoding="UTF-8"?>
<!-- Generated by org.testng.reporters.JUnitReportReporter -->
<testsuite hostname="Chinkku" failures="0" tests="2" name="com.rest.reqSpec" time="0.008" errors="0" timestamp="2024-02-01T23:57:46 IST" skipped="1">
  <testcase classname="com.rest.reqSpec" name="queryTest" time="0.008"/>
  <testcase classname="com.rest.reqSpec" name="validateResponseBody">
    <skipped/>
  </testcase> <!-- validateResponseBody -->
</testsuite> <!-- com.rest.reqSpec -->
