<?xml version="1.0" encoding="UTF-8"?>
<!-- Generated by org.testng.reporters.JUnitReportReporter -->
<testsuite hostname="Chinkku" failures="0" tests="1" name="com.rest.RequestPayloadAsJsonArray" time="2.967" errors="0" timestamp="2024-02-11T13:06:17 IST" skipped="0">
  <testcase classname="com.rest.RequestPayloadAsJsonArray" name="validate_post_request_payload_json_Array_As_List" time="2.967"/>
</testsuite> <!-- com.rest.RequestPayloadAsJsonArray -->
