<?xml version="1.0" encoding="UTF-8"?>
<!-- Generated by org.testng.reporters.JUnitReportReporter -->
<testsuite hostname="Chinkku" failures="0" tests="1" name="com.rest.SamplePojoTest" time="45.391" errors="0" timestamp="2024-02-19T23:38:56 IST" skipped="0">
  <testcase classname="com.rest.SamplePojoTest" name="samplePOJOexamaple_Deserialization" time="45.391"/>
</testsuite> <!-- com.rest.SamplePojoTest -->
