<?xml version="1.0" encoding="UTF-8"?>
<!-- Generated by org.testng.reporters.JUnitReportReporter -->
<testsuite hostname="Chinkku" failures="0" tests="1" name="com.rest.AutomateHeaders" time="2.483" errors="0" timestamp="2024-01-28T21:13:33 IST" skipped="0">
  <testcase classname="com.rest.AutomateHeaders" name="extractMultiValueResponse_Headers" time="2.483"/>
</testsuite> <!-- com.rest.AutomateHeaders -->
