<?xml version="1.0" encoding="UTF-8"?>
<!-- Generated by org.testng.reporters.JUnitReportReporter -->
<testsuite hostname="Chinkku" failures="0" tests="1" name="com.rest.AutomatePost" time="3.479" errors="0" timestamp="2024-02-06T16:58:05 IST" skipped="0">
  <testcase classname="com.rest.AutomatePost" name="validate_post_request_payload_As_Map" time="3.479"/>
</testsuite> <!-- com.rest.AutomatePost -->
