<?xml version="1.0" encoding="UTF-8"?>
<!-- Generated by org.testng.reporters.JUnitReportReporter -->
<testsuite hostname="Chinkku" failures="0" tests="1" name="com.rest.uploadFile" time="3.925" errors="0" timestamp="2024-02-11T21:34:56 IST" skipped="0">
  <testcase classname="com.rest.uploadFile" name="upload_File_multipart_form_data" time="3.925"/>
</testsuite> <!-- com.rest.uploadFile -->
