<?xml version="1.0" encoding="UTF-8"?>
<!-- Generated by org.testng.reporters.JUnitReportReporter -->
<testsuite hostname="Chinkku" failures="0" tests="1" name="com.rest.AutomateDelete" time="3.129" errors="0" timestamp="2024-02-06T16:58:31 IST" skipped="0">
  <testcase classname="com.rest.AutomateDelete" name="validate_delete_request_bdd_style_UsingPathParams" time="3.129"/>
</testsuite> <!-- com.rest.AutomateDelete -->
