<?xml version="1.0" encoding="UTF-8"?>
<!-- Generated by org.testng.reporters.JUnitReportReporter -->
<testsuite hostname="Chinkku" failures="0" tests="1" name="com.rest.Test01" time="3.334" errors="0" timestamp="2024-01-26T21:20:02 IST" skipped="0">
  <testcase classname="com.rest.Test01" name="Request_response_logging" time="3.334"/>
</testsuite> <!-- com.rest.Test01 -->
