<?xml version="1.0" encoding="UTF-8"?>
<!-- Generated by org.testng.reporters.JUnitReportReporter -->
<testsuite hostname="Chinkku" failures="0" tests="1" name="com.rest.resSpec" time="3.920" errors="0" timestamp="2024-02-04T13:50:33 IST" skipped="0">
  <testcase classname="com.rest.resSpec" name="defaultReqSpecBuilder" time="3.920"/>
</testsuite> <!-- com.rest.resSpec -->
