<?xml version="1.0" encoding="UTF-8"?>
<!-- Generated by org.testng.reporters.JUnitReportReporter -->
<testsuite hostname="Chinkku" failures="0" tests="1" name="com.rest.JacksonAPI_JsonObject" time="3.120" errors="0" timestamp="2024-02-17T19:45:20 IST" skipped="0">
  <testcase classname="com.rest.JacksonAPI_JsonObject" name="serialize_JSON_using_jackson_ObjectNode" time="3.120"/>
</testsuite> <!-- com.rest.JacksonAPI_JsonObject -->
