<?xml version="1.0" encoding="UTF-8"?>
<!-- Generated by org.testng.reporters.JUnitReportReporter -->
<testsuite hostname="Chinkku" failures="0" tests="1" name="com.rest.downloadFile" time="2.233" errors="0" timestamp="2024-02-11T20:53:59 IST" skipped="0">
  <testcase classname="com.rest.downloadFile" name="upload_File_multipart_form_data_AsInputStream" time="2.233"/>
</testsuite> <!-- com.rest.downloadFile -->
