<?xml version="1.0" encoding="UTF-8"?>
<!-- Generated by org.testng.reporters.JUnitReportReporter -->
<testsuite hostname="Chinkku" failures="0" tests="1" name="com.rest.Filters" time="2.424" errors="0" timestamp="2024-02-14T00:18:49 IST" skipped="0">
  <testcase classname="com.rest.Filters" name="loggingFilterInFile02" time="2.424"/>
</testsuite> <!-- com.rest.Filters -->
