<?xml version="1.0" encoding="UTF-8"?>
<!-- Generated by org.testng.reporters.JUnitReportReporter -->
<testsuite hostname="Chinkku" failures="0" tests="1" name="com.rest.form_URLEncoding" time="2.904" errors="0" timestamp="2024-02-11T21:38:55 IST" skipped="0">
  <testcase classname="com.rest.form_URLEncoding" name="form_UrlEncoded_data" time="2.904"/>
</testsuite> <!-- com.rest.form_URLEncoding -->
