<?xml version="1.0" encoding="UTF-8"?>
<!-- Generated by org.testng.reporters.JUnitReportReporter -->
<testsuite hostname="Chinkku" failures="0" tests="1" name="com.rest.JacksonAPI_AsJSONArray" time="110.473" errors="0" timestamp="2024-02-19T19:46:52 IST" skipped="0">
  <testcase classname="com.rest.JacksonAPI_AsJSONArray" name="serialize_json_array_using_jackson_using_ArrayNode" time="110.473"/>
</testsuite> <!-- com.rest.JacksonAPI_AsJSONArray -->
